-------------------------------------------------------------------------------
Test set: greatcalltestautomation.GreatCallTest
-------------------------------------------------------------------------------
Tests run: 3, Failures: 1, Errors: 0, Skipped: 0, Time elapsed: 36.664 s <<< FAILURE! - in greatcalltestautomation.GreatCallTest
testAll[1][3]  Time elapsed: 0.203 s  <<< FAILURE!
org.opentest4j.AssertionFailedError: greatcalltests.feature:34 - assert evaluated to false: responseTime < 200

