<?xml version="1.0" encoding="UTF-8"?>
<testsuite xmlns:xsi="http://www.w3.org/2001/XMLSchema-instance" xsi:noNamespaceSchemaLocation="https://maven.apache.org/surefire/maven-surefire-plugin/xsd/surefire-test-report.xsd" name="greatcalltestautomation.GreatCallTest" time="36.664" tests="3" errors="0" skipped="0" failures="1">
  <properties>
[...]
</properties>
  <testcase name="testAll[1][1]" classname="greatcalltestautomation.GreatCallTest" time="33.358"/>
  <testcase name="testAll[1][2]" classname="greatcalltestautomation.GreatCallTest" time="3.087"/>
  <testcase name="testAll[1][3]" classname="greatcalltestautomation.GreatCallTest" time="0.203">
    <failure message="greatcalltests.feature:34 - assert evaluated to false: responseTime &lt; 200" type="org.opentest4j.AssertionFailedError"><![CDATA[org.opentest4j.AssertionFailedError: greatcalltests.feature:34 - assert evaluated to false: responseTime < 200
]]></failure>
    <system-out><![CDATA[03:35:58.793 [main] INFO  com.intuit.karate - karate.env system property was:  
03:35:58.807 [main] DEBUG com.intuit.karate - request:
1 > GET https://www.greatcall.com/stores/Api/Products
1 > Accept-Encoding: gzip,deflate
1 > Connection: Keep-Alive
1 > Host: www.greatcall.com
1 > User-Agent: Apache-HttpClient/4.5.12 (Java/1.8.0_172)

03:35:59.701 [main] DEBUG com.intuit.karate - response time in milliseconds: 891.00
1 < 200
1 < Access-Control-Allow-Headers: Accept, Authorization, Content-Type
1 < Access-Control-Allow-Methods: GET
1 < Access-Control-Allow-Origin: *
1 < Cache-Control: no-cache
1 < Connection: keep-alive
1 < Content-Length: 1994
1 < Content-Security-Policy: frame-ancestors https://*.greatcall.com
1 < Content-Type: application/json; charset=utf-8
1 < Date: Sun, 10 Jan 2021 09:36:00 GMT
1 < Expires: -1
1 < Pragma: no-cache
1 < Server: Microsoft-IIS/10.0
1 < Set-Cookie: [visid_incap_652230=G9Z97JI7R2mGY58RYvcU4H/K+l8AAAAAQUIPAAAAAACzGSxYoSWC+JR/jbw3SJSU; expires=Sun, 09 Jan 2022 09:47:54 GMT; HttpOnly; path=/; Domain=.greatcall.com, nlbi_652230=SYMnHWlt+QZny7rfiVtO2wAAAADkqPKLCIzsVcPNDhNq2eRO; path=/; Domain=.greatcall.com, incap_ses_1181_652230=pSuMWpB8VhHLb+22esFjEH/K+l8AAAAAJJ+cGI11Kq1cdPM8dusH7g==; path=/; Domain=.greatcall.com, ___utmvmfFBuVfps=kPwZThDfsAa; path=/; Max-Age=900, ___utmvafFBuVfps=KPV&amp#1;emvK; path=/; Max-Age=900, ___utmvbfFBuVfps=CZx XqUOealH: utv; path=/; Max-Age=900]
1 < Strict-Transport-Security: max-age=31536000
1 < X-AspNet-Version: 4.0.30319
1 < X-CDN: Incapsula
1 < X-Content-Type-Options: nosniff
1 < X-Iinfo: 12-57462223-57459032 PNNN RT(1610271358590 784) q(0 0 0 0) r(1 1) U2
1 < X-XSS-Protection: 1; mode=block
[{"Aliases":["LivelyFlipGraphite","LivelyFlipRed"],"Disabled":false,"Id":10,"IdBitwise":1024,"LaunchDate":"2020-09-08T22:00:00","Name":"Lively Flip","RetireDate":null,"ShortName":"JB7"},{"Aliases":["JitterbugFlipGraphite","JitterbugFlipRed"],"Disabled":false,"Id":3,"IdBitwise":8,"LaunchDate":"2016-04-05T22:00:00","Name":"Jitterbug Flip","RetireDate":"2020-09-15T22:00:00","ShortName":"JB6"},{"Aliases":["JitterbugBlue5","JitterbugRed5"],"Disabled":false,"Id":0,"IdBitwise":1,"LaunchDate":null,"Name":"Jitterbug 5","RetireDate":"2016-04-05T22:00:00","ShortName":"JB5"},{"Aliases":["5Star3Gold","5Star3Silver"],"Disabled":false,"Id":5,"IdBitwise":32,"LaunchDate":"2016-04-05T22:00:00","Name":"Lively Mobile","RetireDate":"2019-04-14T22:00:00","ShortName":"R3"},{"Aliases":["LivelyWearableGold","LivelyWearableSilver"],"Disabled":true,"Id":6,"IdBitwise":64,"LaunchDate":"2016-04-05T22:00:00","Name":"Lively Wearable","RetireDate":null,"ShortName":"LW"},{"Aliases":["JitterbugTouch4"],"Disabled":false,"Id":4,"IdBitwise":16,"LaunchDate":"2016-04-05T22:00:00","Name":"Jitterbug Smart","RetireDate":"2018-08-29T22:00:00","ShortName":"T4"},{"Aliases":["5StarSplashBlue","5StarSplashSilver"],"Disabled":false,"Id":2,"IdBitwise":4,"LaunchDate":null,"Name":"Splash","RetireDate":"2016-04-05T22:00:00","ShortName":"R2"},{"Aliases":["JitterbugTouch3"],"Disabled":false,"Id":1,"IdBitwise":2,"LaunchDate":null,"Name":"Jitterbug Touch","RetireDate":"2016-04-05T22:00:00","ShortName":"T3"},{"Aliases":["JitterbugTouch5"],"Disabled":false,"Id":7,"IdBitwise":128,"LaunchDate":"2018-08-29T22:00:00","Name":"Jitterbug Smart2","RetireDate":null,"ShortName":"T5"},{"Aliases":["5Star4Black","5Star4Silver"],"Disabled":false,"Id":8,"IdBitwise":256,"LaunchDate":"2020-02-12T22:00:00","Name":"Lively Mobile Plus","RetireDate":null,"ShortName":"R4"},{"Aliases":["LivelyWearable2"],"Disabled":false,"Id":9,"IdBitwise":512,"LaunchDate":"2020-02-12T22:00:00","Name":"Lively Wearable2","RetireDate":null,"ShortName":"LW2"}]

03:35:59.716 [main] ERROR com.intuit.karate - assertion failed: assert evaluated to false: responseTime < 200
---------------------------------------------------------
feature: classpath:greatcalltestautomation/greatcalltests.feature
scenarios:  3 | passed:  2 | failed:  1 | time: 30.1132
---------------------------------------------------------
]]></system-out>
  </testcase>
</testsuite>